error[E0603]: function `project_opt` is private
  --> tests/misc_tests/type_eq_ui_tests/privacy_tests_err.rs:10:19
   |
10 |     opt_pub_self::project_opt::<u8, u8>;
   |                   ^^^^^^^^^^^ private function
   |
note: the function `project_opt` is defined here
  --> tests/misc_tests/type_eq_ui_tests/privacy_tests_err.rs:4:5
   |
4  | /     konst::polymorphism::type_eq_projection_fn!{
5  | |         pub(self) fn project_opt => Option<from T>
6  | |     }
   | |_____^
   = note: this error originates in the macro `konst::polymorphism::type_eq_projection_fn` (in Nightly builds, run with -Z macro-backtrace for more info)

error[E0603]: function `project_opt` is private
  --> tests/misc_tests/type_eq_ui_tests/privacy_tests_err.rs:27:25
   |
27 |     opt_pub_super::foo::project_opt::<u8, u8>;
   |                         ^^^^^^^^^^^ private function
   |
note: the function `project_opt` is defined here
  --> tests/misc_tests/type_eq_ui_tests/privacy_tests_err.rs:16:9
   |
16 | /         konst::polymorphism::type_eq_projection_fn!{
17 | |             pub(super) fn project_opt => Option<from T>
18 | |         }
   | |_________^
   = note: this error originates in the macro `konst::polymorphism::type_eq_projection_fn` (in Nightly builds, run with -Z macro-backtrace for more info)
